0 info it worked if it ends with ok
1 verbose cli [ '/usr/local/bin/node',
1 verbose cli   '/usr/local/bin/npm',
1 verbose cli   'install',
1 verbose cli   '-g',
1 verbose cli   'generator-webapp' ]
2 info using npm@2.14.7
3 info using node@v4.2.1
4 verbose install initial load of /usr/local/lib/package.json
5 verbose readDependencies loading dependencies from /usr/local/lib/package.json
6 silly cache add args [ 'generator-webapp', null ]
7 verbose cache add spec generator-webapp
8 silly cache add parsed spec Result {
8 silly cache add   raw: 'generator-webapp',
8 silly cache add   scope: null,
8 silly cache add   name: 'generator-webapp',
8 silly cache add   rawSpec: '',
8 silly cache add   spec: '*',
8 silly cache add   type: 'range' }
9 silly addNamed generator-webapp@*
10 verbose addNamed "*" is a valid semver range for generator-webapp
11 silly addNameRange { name: 'generator-webapp', range: '*', hasData: false }
12 silly mapToRegistry name generator-webapp
13 silly mapToRegistry using default registry
14 silly mapToRegistry registry https://registry.npmjs.org/
15 silly mapToRegistry uri https://registry.npmjs.org/generator-webapp
16 verbose addNameRange registry:https://registry.npmjs.org/generator-webapp not in flight; fetching
17 verbose request uri https://registry.npmjs.org/generator-webapp
18 verbose request no auth needed
19 info attempt registry request try #1 at 11:08:43 AM
20 verbose request id c9aaa581973ecd42
21 verbose etag "6UNKYJCV7T4NE4CP4NWXGA3XJ"
22 http request GET https://registry.npmjs.org/generator-webapp
23 http 304 https://registry.npmjs.org/generator-webapp
24 verbose headers { date: 'Tue, 27 Oct 2015 10:08:47 GMT',
24 verbose headers   via: '1.1 varnish',
24 verbose headers   'cache-control': 'max-age=60',
24 verbose headers   etag: '"6UNKYJCV7T4NE4CP4NWXGA3XJ"',
24 verbose headers   age: '0',
24 verbose headers   connection: 'keep-alive',
24 verbose headers   'x-served-by': 'cache-ams4141-AMS',
24 verbose headers   'x-cache': 'HIT',
24 verbose headers   'x-cache-hits': '1',
24 verbose headers   'x-timer': 'S1445940527.160973,VS0,VE97',
24 verbose headers   vary: 'Accept' }
25 silly get cb [ 304,
25 silly get   { date: 'Tue, 27 Oct 2015 10:08:47 GMT',
25 silly get     via: '1.1 varnish',
25 silly get     'cache-control': 'max-age=60',
25 silly get     etag: '"6UNKYJCV7T4NE4CP4NWXGA3XJ"',
25 silly get     age: '0',
25 silly get     connection: 'keep-alive',
25 silly get     'x-served-by': 'cache-ams4141-AMS',
25 silly get     'x-cache': 'HIT',
25 silly get     'x-cache-hits': '1',
25 silly get     'x-timer': 'S1445940527.160973,VS0,VE97',
25 silly get     vary: 'Accept' } ]
26 verbose etag https://registry.npmjs.org/generator-webapp from cache
27 verbose get saving generator-webapp to /home/sted/.npm/registry.npmjs.org/generator-webapp/.cache.json
28 silly addNameRange number 2 { name: 'generator-webapp', range: '*', hasData: true }
29 silly addNameRange versions [ 'generator-webapp',
29 silly addNameRange   [ '0.1.0',
29 silly addNameRange     '0.1.1',
29 silly addNameRange     '0.1.2',
29 silly addNameRange     '0.1.3',
29 silly addNameRange     '0.1.4',
29 silly addNameRange     '0.1.5',
29 silly addNameRange     '0.1.6',
29 silly addNameRange     '0.1.7',
29 silly addNameRange     '0.2.0',
29 silly addNameRange     '0.2.1',
29 silly addNameRange     '0.2.2',
29 silly addNameRange     '0.2.3',
29 silly addNameRange     '0.2.4',
29 silly addNameRange     '0.2.5',
29 silly addNameRange     '0.2.6',
29 silly addNameRange     '0.2.7',
29 silly addNameRange     '0.3.0',
29 silly addNameRange     '0.3.1',
29 silly addNameRange     '0.4.0',
29 silly addNameRange     '0.4.1',
29 silly addNameRange     '0.4.2',
29 silly addNameRange     '0.4.3',
29 silly addNameRange     '0.4.4',
29 silly addNameRange     '0.4.5',
29 silly addNameRange     '0.4.6',
29 silly addNameRange     '0.4.7',
29 silly addNameRange     '0.4.8',
29 silly addNameRange     '0.4.9',
29 silly addNameRange     '0.5.0-1',
29 silly addNameRange     '0.5.0-rc.1',
29 silly addNameRange     '0.5.0-2',
29 silly addNameRange     '0.5.0',
29 silly addNameRange     '0.5.1',
29 silly addNameRange     '0.6.0',
29 silly addNameRange     '0.6.1',
29 silly addNameRange     '0.6.2',
29 silly addNameRange     '1.0.0',
29 silly addNameRange     '1.0.1',
29 silly addNameRange     '1.1.0' ] ]
30 silly addNamed generator-webapp@1.1.0
31 verbose addNamed "1.1.0" is a plain semver version for generator-webapp
32 silly cache afterAdd generator-webapp@1.1.0
33 verbose afterAdd /home/sted/.npm/generator-webapp/1.1.0/package/package.json not in flight; writing
34 verbose afterAdd /home/sted/.npm/generator-webapp/1.1.0/package/package.json written
35 silly install resolved [ { name: 'generator-webapp',
35 silly install resolved     version: '1.1.0',
35 silly install resolved     description: 'Scaffold out a front-end web app',
35 silly install resolved     license: 'BSD',
35 silly install resolved     repository:
35 silly install resolved      { type: 'git',
35 silly install resolved        url: 'git+https://github.com/yeoman/generator-webapp.git' },
35 silly install resolved     author: { name: 'Yeoman' },
35 silly install resolved     main: 'app/index.js',
35 silly install resolved     scripts: { test: 'mocha --reporter spec' },
35 silly install resolved     files: [ 'app' ],
35 silly install resolved     keywords:
35 silly install resolved      [ 'yeoman-generator',
35 silly install resolved        'web',
35 silly install resolved        'app',
35 silly install resolved        'front-end',
35 silly install resolved        'h5bp',
35 silly install resolved        'modernizr',
35 silly install resolved        'jquery',
35 silly install resolved        'grunt' ],
35 silly install resolved     dependencies:
35 silly install resolved      { chalk: '^1.0.0',
35 silly install resolved        'generator-jasmine': '^0.2.0',
35 silly install resolved        'generator-mocha': '^0.2.0',
35 silly install resolved        mkdirp: '^0.5.1',
35 silly install resolved        'underscore.string': '^3.1.1',
35 silly install resolved        wiredep: '^2.2.2',
35 silly install resolved        'yeoman-generator': '^0.20.1',
35 silly install resolved        yosay: '^1.0.4' },
35 silly install resolved     devDependencies: { 'grunt-cli': '^0.1.13', mocha: '*', 'yeoman-assert': '^2.0.0' },
35 silly install resolved     gitHead: '4891bd4dabf810efaab74ed0f4c8a0f9e327a06c',
35 silly install resolved     bugs: { url: 'https://github.com/yeoman/generator-webapp/issues' },
35 silly install resolved     homepage: 'https://github.com/yeoman/generator-webapp#readme',
35 silly install resolved     _id: 'generator-webapp@1.1.0',
35 silly install resolved     _shasum: '155bdee7330234c0d1ea4ce0b0e318129ece6c64',
35 silly install resolved     _from: 'generator-webapp@*',
35 silly install resolved     _npmVersion: '2.9.1',
35 silly install resolved     _nodeVersion: '0.12.3',
35 silly install resolved     _npmUser: { name: 'silvenon', email: 'matija.marohnic@gmail.com' },
35 silly install resolved     dist:
35 silly install resolved      { shasum: '155bdee7330234c0d1ea4ce0b0e318129ece6c64',
35 silly install resolved        tarball: 'http://registry.npmjs.org/generator-webapp/-/generator-webapp-1.1.0.tgz' },
35 silly install resolved     maintainers:
35 silly install resolved      [ [Object],
35 silly install resolved        [Object],
35 silly install resolved        [Object],
35 silly install resolved        [Object],
35 silly install resolved        [Object],
35 silly install resolved        [Object],
35 silly install resolved        [Object],
35 silly install resolved        [Object] ],
35 silly install resolved     directories: {},
35 silly install resolved     _resolved: 'https://registry.npmjs.org/generator-webapp/-/generator-webapp-1.1.0.tgz',
35 silly install resolved     readme: 'ERROR: No README data found!' } ]
36 info install generator-webapp@1.1.0 into /usr/local/lib
37 info installOne generator-webapp@1.1.0
38 verbose installOne of generator-webapp to /usr/local/lib not in flight; installing
39 verbose lock using /home/sted/.npm/_locks/generator-webapp-9b485c3ef99446bb.lock for /usr/local/lib/node_modules/generator-webapp
40 silly install write writing generator-webapp 1.1.0 to /usr/local/lib/node_modules/generator-webapp
41 verbose unbuild lib/node_modules/generator-webapp
42 info preuninstall generator-webapp@1.1.0
43 info uninstall generator-webapp@1.1.0
44 verbose unbuild rmStuff generator-webapp@1.1.0 from /usr/local/lib/node_modules
45 info postuninstall generator-webapp@1.1.0
46 silly gentlyRm /usr/local/lib/node_modules/generator-webapp is being purged from base /usr/local
47 verbose gentlyRm don't care about contents; nuking /usr/local/lib/node_modules/generator-webapp
48 silly vacuum-fs purging /usr/local/lib/node_modules/generator-webapp
49 verbose unlock done using /home/sted/.npm/_locks/generator-webapp-9b485c3ef99446bb.lock for /usr/local/lib/node_modules/generator-webapp
50 verbose stack Error: EACCES: permission denied, rmdir '/usr/local/lib/node_modules/generator-webapp'
50 verbose stack     at Error (native)
51 verbose cwd /home/sted/CODE/Test
52 error Linux 3.19.0-31-generic
53 error argv "/usr/local/bin/node" "/usr/local/bin/npm" "install" "-g" "generator-webapp"
54 error node v4.2.1
55 error npm  v2.14.7
56 error path /usr/local/lib/node_modules/generator-webapp
57 error code EACCES
58 error errno -13
59 error syscall rmdir
60 error Error: EACCES: permission denied, rmdir '/usr/local/lib/node_modules/generator-webapp'
60 error     at Error (native)
60 error  { [Error: EACCES: permission denied, rmdir '/usr/local/lib/node_modules/generator-webapp']
60 error   errno: -13,
60 error   code: 'EACCES',
60 error   syscall: 'rmdir',
60 error   path: '/usr/local/lib/node_modules/generator-webapp' }
61 error Please try running this command again as root/Administrator.
62 verbose exit [ -13, true ]
63 verbose unbuild lib/node_modules/generator-webapp
64 info preuninstall generator-webapp@1.1.0
65 info uninstall generator-webapp@1.1.0
66 verbose unbuild rmStuff generator-webapp@1.1.0 from /usr/local/lib/node_modules
67 info postuninstall generator-webapp@1.1.0
68 silly gentlyRm /usr/local/lib/node_modules/generator-webapp is being purged from base /usr/local
69 verbose gentlyRm don't care about contents; nuking /usr/local/lib/node_modules/generator-webapp
70 silly vacuum-fs purging /usr/local/lib/node_modules/generator-webapp
71 error error rolling back Error: EACCES: permission denied, rmdir '/usr/local/lib/node_modules/generator-webapp'
71 error error rolling back     at Error (native)
71 error error rolling back  { [Error: EACCES: permission denied, rmdir '/usr/local/lib/node_modules/generator-webapp']
71 error error rolling back   errno: -13,
71 error error rolling back   code: 'EACCES',
71 error error rolling back   syscall: 'rmdir',
71 error error rolling back   path: '/usr/local/lib/node_modules/generator-webapp' }
